<?xml version="1.0" encoding="UTF-8"?>
<testsuite name="com.sepbf.backend.controllerTest.MapperSqlTest" tests="1" skipped="0" failures="0" errors="0" timestamp="2023-07-06T03:42:41" hostname="LAPTOP-0QTB30LK" time="0.399">
  <properties/>
  <testcase name="getTest()" classname="com.sepbf.backend.controllerTest.MapperSqlTest" time="0.399"/>
  <system-out><![CDATA[11:42:38.678 [Test worker] DEBUG org.springframework.test.context.BootstrapUtils - Instantiating CacheAwareContextLoaderDelegate from class [org.springframework.test.context.cache.DefaultCacheAwareContextLoaderDelegate]
11:42:38.687 [Test worker] DEBUG org.springframework.test.context.BootstrapUtils - Instantiating BootstrapContext using constructor [public org.springframework.test.context.support.DefaultBootstrapContext(java.lang.Class,org.springframework.test.context.CacheAwareContextLoaderDelegate)]
11:42:38.723 [Test worker] DEBUG org.springframework.test.context.BootstrapUtils - Instantiating TestContextBootstrapper for test class [com.sepbf.backend.controllerTest.MapperSqlTest] from class [org.springframework.boot.test.context.SpringBootTestContextBootstrapper]
11:42:38.735 [Test worker] INFO org.springframework.boot.test.context.SpringBootTestContextBootstrapper - Neither @ContextConfiguration nor @ContextHierarchy found for test class [com.sepbf.backend.controllerTest.MapperSqlTest], using SpringBootContextLoader
11:42:38.740 [Test worker] DEBUG org.springframework.test.context.support.AbstractContextLoader - Did not detect default resource location for test class [com.sepbf.backend.controllerTest.MapperSqlTest]: class path resource [com/sepbf/backend/controllerTest/MapperSqlTest-context.xml] does not exist
11:42:38.741 [Test worker] DEBUG org.springframework.test.context.support.AbstractContextLoader - Did not detect default resource location for test class [com.sepbf.backend.controllerTest.MapperSqlTest]: class path resource [com/sepbf/backend/controllerTest/MapperSqlTestContext.groovy] does not exist
11:42:38.741 [Test worker] INFO org.springframework.test.context.support.AbstractContextLoader - Could not detect default resource locations for test class [com.sepbf.backend.controllerTest.MapperSqlTest]: no resource found for suffixes {-context.xml, Context.groovy}.
11:42:38.742 [Test worker] INFO org.springframework.test.context.support.AnnotationConfigContextLoaderUtils - Could not detect default configuration classes for test class [com.sepbf.backend.controllerTest.MapperSqlTest]: MapperSqlTest does not declare any static, non-private, non-final, nested classes annotated with @Configuration.
11:42:38.776 [Test worker] DEBUG org.springframework.test.context.support.ActiveProfilesUtils - Could not find an 'annotation declaring class' for annotation type [org.springframework.test.context.ActiveProfiles] and class [com.sepbf.backend.controllerTest.MapperSqlTest]
11:42:38.822 [Test worker] DEBUG org.springframework.context.annotation.ClassPathScanningCandidateComponentProvider - Identified candidate component class: file [D:\GitHubRepository\Action-detect-web\backend\backend\build\classes\java\main\com\sepbf\backend\BackendApplication.class]
11:42:38.823 [Test worker] INFO org.springframework.boot.test.context.SpringBootTestContextBootstrapper - Found @SpringBootConfiguration com.sepbf.backend.BackendApplication for test class com.sepbf.backend.controllerTest.MapperSqlTest
11:42:38.908 [Test worker] DEBUG org.springframework.boot.test.context.SpringBootTestContextBootstrapper - @TestExecutionListeners is not present for class [com.sepbf.backend.controllerTest.MapperSqlTest]: using defaults.
11:42:38.908 [Test worker] INFO org.springframework.boot.test.context.SpringBootTestContextBootstrapper - Loaded default TestExecutionListener class names from location [META-INF/spring.factories]: [org.springframework.boot.test.autoconfigure.restdocs.RestDocsTestExecutionListener, org.springframework.boot.test.autoconfigure.web.client.MockRestServiceServerResetTestExecutionListener, org.springframework.boot.test.autoconfigure.web.servlet.MockMvcPrintOnlyOnFailureTestExecutionListener, org.springframework.boot.test.autoconfigure.web.servlet.WebDriverTestExecutionListener, org.springframework.boot.test.autoconfigure.webservices.client.MockWebServiceServerTestExecutionListener, org.springframework.boot.test.mock.mockito.MockitoTestExecutionListener, org.springframework.boot.test.mock.mockito.ResetMocksTestExecutionListener, org.springframework.test.context.web.ServletTestExecutionListener, org.springframework.test.context.support.DirtiesContextBeforeModesTestExecutionListener, org.springframework.test.context.event.ApplicationEventsTestExecutionListener, org.springframework.test.context.support.DependencyInjectionTestExecutionListener, org.springframework.test.context.support.DirtiesContextTestExecutionListener, org.springframework.test.context.transaction.TransactionalTestExecutionListener, org.springframework.test.context.jdbc.SqlScriptsTestExecutionListener, org.springframework.test.context.event.EventPublishingTestExecutionListener]
11:42:38.923 [Test worker] INFO org.springframework.boot.test.context.SpringBootTestContextBootstrapper - Using TestExecutionListeners: [org.springframework.test.context.web.ServletTestExecutionListener@1964d75, org.springframework.test.context.support.DirtiesContextBeforeModesTestExecutionListener@128c868, org.springframework.test.context.event.ApplicationEventsTestExecutionListener@6276d8, org.springframework.boot.test.mock.mockito.MockitoTestExecutionListener@e8d869, org.springframework.boot.test.autoconfigure.SpringBootDependencyInjectionTestExecutionListener@1eedb64, org.springframework.test.context.support.DirtiesContextTestExecutionListener@c63c79, org.springframework.test.context.transaction.TransactionalTestExecutionListener@1c7528f, org.springframework.test.context.jdbc.SqlScriptsTestExecutionListener@176ff4e, org.springframework.test.context.event.EventPublishingTestExecutionListener@1234bf, org.springframework.boot.test.autoconfigure.restdocs.RestDocsTestExecutionListener@162ea70, org.springframework.boot.test.autoconfigure.web.client.MockRestServiceServerResetTestExecutionListener@ba9639, org.springframework.boot.test.autoconfigure.web.servlet.MockMvcPrintOnlyOnFailureTestExecutionListener@aa816f, org.springframework.boot.test.autoconfigure.web.servlet.WebDriverTestExecutionListener@1f6fd09, org.springframework.boot.test.autoconfigure.webservices.client.MockWebServiceServerTestExecutionListener@1ffbc6d, org.springframework.boot.test.mock.mockito.ResetMocksTestExecutionListener@184f475]
11:42:38.926 [Test worker] DEBUG org.springframework.test.context.support.AbstractDirtiesContextTestExecutionListener - Before test class: context [DefaultTestContext@188ca8c testClass = MapperSqlTest, testInstance = [null], testMethod = [null], testException = [null], mergedContextConfiguration = [WebMergedContextConfiguration@16f1079 testClass = MapperSqlTest, locations = '{}', classes = '{class com.sepbf.backend.BackendApplication}', contextInitializerClasses = '[]', activeProfiles = '{}', propertySourceLocations = '{}', propertySourceProperties = '{org.springframework.boot.test.context.SpringBootTestContextBootstrapper=true}', contextCustomizers = set[org.springframework.boot.test.autoconfigure.actuate.metrics.MetricsExportContextCustomizerFactory$DisableMetricExportContextCustomizer@462f31, org.springframework.boot.test.autoconfigure.properties.PropertyMappingContextCustomizer@0, org.springframework.boot.test.autoconfigure.web.servlet.WebDriverContextCustomizerFactory$Customizer@1c4eee0, org.springframework.boot.test.context.filter.ExcludeFilterContextCustomizer@693f59, org.springframework.boot.test.json.DuplicateJsonObjectContextCustomizerFactory$DuplicateJsonObjectContextCustomizer@3ca036, org.springframework.boot.test.mock.mockito.MockitoContextCustomizer@0, org.springframework.boot.test.web.client.TestRestTemplateContextCustomizer@1799640, org.springframework.boot.test.context.SpringBootTestArgs@1, org.springframework.boot.test.context.SpringBootTestWebEnvironment@10f1111], resourceBasePath = 'src/main/webapp', contextLoader = 'org.springframework.boot.test.context.SpringBootContextLoader', parent = [null]], attributes = map['org.springframework.test.context.web.ServletTestExecutionListener.activateListener' -> true]], class annotated with @DirtiesContext [false] with mode [null].

  .   ____          _            __ _ _
 /\\ / ___'_ __ _ _(_)_ __  __ _ \ \ \ \
( ( )\___ | '_ | '_| | '_ \/ _` | \ \ \ \
 \\/  ___)| |_)| | | | | || (_| |  ) ) ) )
  '  |____| .__|_| |_|_| |_\__, | / / / /
 =========|_|==============|___/=/_/_/_/
 :: Spring Boot ::               (v2.7.11)

2023-07-06 11:42:39.137  WARN 15112 --- [    Test worker] ory$DuplicateJsonObjectContextCustomizer : 

Found multiple occurrences of org.json.JSONObject on the class path:

	jar:file:/D:/gradle/repository/caches/modules-2/files-2.1/org.json/json/20210307/528c8df3757e8bcf151817b1d7b9b434f6aa08d5/json-20210307.jar!/org/json/JSONObject.class
	jar:file:/D:/gradle/repository/caches/modules-2/files-2.1/com.vaadin.external.google/android-json/0.0.20131108.vaadin1/fa26d351fe62a6a17f5cda1287c1c6110dec413f/android-json-0.0.20131108.vaadin1.jar!/org/json/JSONObject.class

You may wish to exclude one of them to ensure predictable runtime behavior

2023-07-06 11:42:39.149  INFO 15112 --- [    Test worker] c.s.b.controllerTest.MapperSqlTest       : Starting MapperSqlTest using Java 1.8.0_333 on LAPTOP-0QTB30LK with PID 15112 (started by Courage in D:\GitHubRepository\Action-detect-web\backend\backend)
2023-07-06 11:42:39.150  INFO 15112 --- [    Test worker] c.s.b.controllerTest.MapperSqlTest       : No active profile set, falling back to 1 default profile: "default"
 _ _   |_  _ _|_. ___ _ |    _ 
| | |\/|_)(_| | |_\  |_)||_|_\ 
     /               |         
                        3.5.3.1 
2023-07-06 11:42:40.389  WARN 15112 --- [    Test worker] c.b.m.core.metadata.TableInfoHelper      : This primary key of "UserId" is primitive !不建议如此请使用包装类 in Class: "com.sepbf.backend.pojo.Test"
2023-07-06 11:42:40.491  WARN 15112 --- [    Test worker] c.b.m.core.injector.AbstractMethod       : [com.sepbf.backend.mapper.TestMapper.selectById] Has been loaded by XML or SqlProvider or Mybatis's Annotation, so ignoring this injection for [class com.baomidou.mybatisplus.core.injector.methods.SelectById]
2023-07-06 11:42:40.535  WARN 15112 --- [    Test worker] c.b.m.core.metadata.TableInfoHelper      : This primary key of "user_id" is primitive !不建议如此请使用包装类 in Class: "com.sepbf.backend.pojo.User"
2023-07-06 11:42:41.162  INFO 15112 --- [    Test worker] c.s.b.controllerTest.MapperSqlTest       : Started MapperSqlTest in 2.208 seconds (JVM running for 3.239)
2023-07-06 11:42:41.341  INFO 15112 --- [    Test worker] com.zaxxer.hikari.HikariDataSource       : HikariPool-1 - Starting...
2023-07-06 11:42:41.527  INFO 15112 --- [    Test worker] com.zaxxer.hikari.HikariDataSource       : HikariPool-1 - Start completed.
]]></system-out>
  <system-err><![CDATA[]]></system-err>
</testsuite>
